<?xml version="1.0" encoding="UTF-8" standalone="no"?>
<!DOCTYPE log SYSTEM "logger.dtd">
<log>
<record>
  <date>2021-09-10T11:42:09.932811Z</date>
  <millis>1631274129932</millis>
  <nanos>811000</nanos>
  <sequence>0</sequence>
  <logger>AppModule34</logger>
  <level>INFO</level>
  <class>AppModule34</class>
  <method>main</method>
  <thread>1</thread>
  <message>The application has started successfully</message>
</record>
<record>
  <date>2021-09-10T11:42:10.899442Z</date>
  <millis>1631274130899</millis>
  <nanos>442000</nanos>
  <sequence>1</sequence>
  <logger>AppModule34</logger>
  <level>INFO</level>
  <class>AppModule34</class>
  <method>main</method>
  <thread>1</thread>
  <message>
++++++++++++++++Collections serialization to JSON+++++++++++++++++++</message>
</record>
<record>
  <date>2021-09-10T11:42:10.963138Z</date>
  <millis>1631274130963</millis>
  <nanos>138000</nanos>
  <sequence>2</sequence>
  <logger>AppModule34</logger>
  <level>INFO</level>
  <class>AppModule34</class>
  <method>main</method>
  <thread>1</thread>
  <message>
[
  {
    "Name": "Попов Сергей Сергеевич",
    "UID": "Ж1",
    "Course": 1,
    "Average score": 4.3,
    "builder": {}
  },
  {
    "Name": "Антовнов Владислав Николаевич",
    "UID": "Ю1",
    "Course": 2,
    "Average score": 3.8,
    "builder": {}
  },
  {
    "Name": "Морозова Анастасия Андреена",
    "UID": "М2",
    "Course": 3,
    "Average score": 4.1,
    "builder": {}
  },
  {
    "Name": "Евстафьев Олег Никитич",
    "UID": "Э1",
    "Course": 4,
    "Average score": 3.5,
    "builder": {}
  },
  {
    "Name": "Бордовская Мария Ивановна",
    "UID": "М1",
    "Course": 5,
    "Average score": 5.0,
    "builder": {}
  },
  {
    "Name": "Петров Игорь Борисович",
    "UID": "Т1",
    "Course": 3,
    "Average score": 4.9,
    "builder": {}
  },
  {
    "Name": "Мартынов Андрей Владимирович",
    "UID": "И1",
    "Course": 2,
    "Average score": 4.0,
    "builder": {}
  },
  {
    "Name": "Глебова Ирина Петровна",
    "UID": "У1",
    "Course": 1,
    "Average score": 5.0,
    "builder": {}
  }
]</message>
</record>
<record>
  <date>2021-09-10T11:42:10.964729Z</date>
  <millis>1631274130964</millis>
  <nanos>729000</nanos>
  <sequence>3</sequence>
  <logger>AppModule34</logger>
  <level>INFO</level>
  <class>AppModule34</class>
  <method>main</method>
  <thread>1</thread>
  <message>
[
  {
    "UID": "М1",
    "Full title": "Первый Санкт-Петербургский государственный медицинский университет им. акад. И.П.Павлова",
    "Abbreviation": "ПСПбГМУ им. И.П.Павлова",
    "Opening year": 1897,
    "Profile": "MEDICINE",
    "builder": {}
  },
  {
    "UID": "Ю1",
    "Full title": "Российский государственный университет правосудия",
    "Abbreviation": "РГУП",
    "Opening year": 1998,
    "Profile": "LEGAL_SCIENCE",
    "builder": {}
  },
  {
    "UID": "Э1",
    "Full title": "Санкт-Петербургский государственный экономический университет",
    "Abbreviation": "СПбГЭУ",
    "Opening year": 1930,
    "Profile": "ECONOMICS",
    "builder": {}
  },
  {
    "UID": "Ж1",
    "Full title": "Московский государственный институт международных отношений",
    "Abbreviation": "МГИМО",
    "Opening year": 1944,
    "Profile": "JOURNALISM",
    "builder": {}
  },
  {
    "UID": "Т1",
    "Full title": "Государственный институт театрального искусства",
    "Abbreviation": "ГИТИС",
    "Opening year": 1878,
    "Profile": "THEATER_ARTS",
    "builder": {}
  },
  {
    "UID": "М2",
    "Full title": "Санкт-Петербургский государственный медицинский университет имени И. И. Мечникова",
    "Abbreviation": "СЗГМУ им. И. И. Мечникова",
    "Opening year": 1907,
    "Profile": "MEDICINE",
    "builder": {}
  },
  {
    "UID": "У1",
    "Full title": "Российская академия народного хозяйства и государственной службы при Президенте Российской Федерации",
    "Abbreviation": "РАНХиГС",
    "Opening year": 2010,
    "Profile": "MANAGEMENT",
    "builder": {}
  },
  {
    "UID": "И1",
    "Full title": "Санкт-Петербургский национальный исследовательский университет информационных технологий, механики и оптики",
    "Abbreviation": "ИТМО",
    "Opening year": 1900,
    "Profile": "COMPUTER_SCIENCES",
    "builder": {}
  },
  {
    "UID": "А1",
    "Full title": "Санкт-Петербургский государственный архитектурно-строительный университет",
    "Abbreviation": "СПбГАСУ",
    "Opening year": 1832,
    "Profile": "ARCHITECTURE",
    "builder": {}
  }
]</message>
</record>
<record>
  <date>2021-09-10T11:42:10.967332Z</date>
  <millis>1631274130967</millis>
  <nanos>332000</nanos>
  <sequence>4</sequence>
  <logger>AppModule34</logger>
  <level>INFO</level>
  <class>AppModule34</class>
  <method>main</method>
  <thread>1</thread>
  <message>
+++++++++++++++Collections deserialization from JSON++++++++++++++++</message>
</record>
<record>
  <date>2021-09-10T11:42:10.973859Z</date>
  <millis>1631274130973</millis>
  <nanos>859000</nanos>
  <sequence>5</sequence>
  <logger>AppModule34</logger>
  <level>INFO</level>
  <class>AppModule34</class>
  <method>main</method>
  <thread>1</thread>
  <message>
---------------------------------
Student: Попов Сергей Сергеевич
Id of University: Ж1
Number of a current course: 1
The average grade for exams: 4.3
---------------------------------</message>
</record>
<record>
  <date>2021-09-10T11:42:10.975131Z</date>
  <millis>1631274130975</millis>
  <nanos>131000</nanos>
  <sequence>6</sequence>
  <logger>AppModule34</logger>
  <level>INFO</level>
  <class>AppModule34</class>
  <method>main</method>
  <thread>1</thread>
  <message>
---------------------------------
Student: Антовнов Владислав Николаевич
Id of University: Ю1
Number of a current course: 2
The average grade for exams: 3.8
---------------------------------</message>
</record>
<record>
  <date>2021-09-10T11:42:10.975979Z</date>
  <millis>1631274130975</millis>
  <nanos>979000</nanos>
  <sequence>7</sequence>
  <logger>AppModule34</logger>
  <level>INFO</level>
  <class>AppModule34</class>
  <method>main</method>
  <thread>1</thread>
  <message>
---------------------------------
Student: Морозова Анастасия Андреена
Id of University: М2
Number of a current course: 3
The average grade for exams: 4.1
---------------------------------</message>
</record>
<record>
  <date>2021-09-10T11:42:10.976865Z</date>
  <millis>1631274130976</millis>
  <nanos>865000</nanos>
  <sequence>8</sequence>
  <logger>AppModule34</logger>
  <level>INFO</level>
  <class>AppModule34</class>
  <method>main</method>
  <thread>1</thread>
  <message>
---------------------------------
Student: Евстафьев Олег Никитич
Id of University: Э1
Number of a current course: 4
The average grade for exams: 3.5
---------------------------------</message>
</record>
<record>
  <date>2021-09-10T11:42:10.977835Z</date>
  <millis>1631274130977</millis>
  <nanos>835000</nanos>
  <sequence>9</sequence>
  <logger>AppModule34</logger>
  <level>INFO</level>
  <class>AppModule34</class>
  <method>main</method>
  <thread>1</thread>
  <message>
---------------------------------
Student: Бордовская Мария Ивановна
Id of University: М1
Number of a current course: 5
The average grade for exams: 5.0
---------------------------------</message>
</record>
<record>
  <date>2021-09-10T11:42:10.979128Z</date>
  <millis>1631274130979</millis>
  <nanos>128000</nanos>
  <sequence>10</sequence>
  <logger>AppModule34</logger>
  <level>INFO</level>
  <class>AppModule34</class>
  <method>main</method>
  <thread>1</thread>
  <message>
---------------------------------
Student: Петров Игорь Борисович
Id of University: Т1
Number of a current course: 3
The average grade for exams: 4.9
---------------------------------</message>
</record>
<record>
  <date>2021-09-10T11:42:10.980303Z</date>
  <millis>1631274130980</millis>
  <nanos>303000</nanos>
  <sequence>11</sequence>
  <logger>AppModule34</logger>
  <level>INFO</level>
  <class>AppModule34</class>
  <method>main</method>
  <thread>1</thread>
  <message>
---------------------------------
Student: Мартынов Андрей Владимирович
Id of University: И1
Number of a current course: 2
The average grade for exams: 4.0
---------------------------------</message>
</record>
<record>
  <date>2021-09-10T11:42:10.981672Z</date>
  <millis>1631274130981</millis>
  <nanos>672000</nanos>
  <sequence>12</sequence>
  <logger>AppModule34</logger>
  <level>INFO</level>
  <class>AppModule34</class>
  <method>main</method>
  <thread>1</thread>
  <message>
---------------------------------
Student: Глебова Ирина Петровна
Id of University: У1
Number of a current course: 1
The average grade for exams: 5.0
---------------------------------</message>
</record>
<record>
  <date>2021-09-10T11:42:10.983018Z</date>
  <millis>1631274130983</millis>
  <nanos>18000</nanos>
  <sequence>13</sequence>
  <logger>AppModule34</logger>
  <level>INFO</level>
  <class>AppModule34</class>
  <method>main</method>
  <thread>1</thread>
  <message>
---------------------------------
Первый Санкт-Петербургский государственный медицинский университет им. акад. И.П.Павлова
(ПСПбГМУ им. И.П.Павлова)
Id of university: М1
Year Of foundation: 1897
Main profile: Медицина
---------------------------------</message>
</record>
<record>
  <date>2021-09-10T11:42:10.983976Z</date>
  <millis>1631274130983</millis>
  <nanos>976000</nanos>
  <sequence>14</sequence>
  <logger>AppModule34</logger>
  <level>INFO</level>
  <class>AppModule34</class>
  <method>main</method>
  <thread>1</thread>
  <message>
---------------------------------
Российский государственный университет правосудия
(РГУП)
Id of university: Ю1
Year Of foundation: 1998
Main profile: Юриспруденция
---------------------------------</message>
</record>
<record>
  <date>2021-09-10T11:42:10.985277Z</date>
  <millis>1631274130985</millis>
  <nanos>277000</nanos>
  <sequence>15</sequence>
  <logger>AppModule34</logger>
  <level>INFO</level>
  <class>AppModule34</class>
  <method>main</method>
  <thread>1</thread>
  <message>
---------------------------------
Санкт-Петербургский государственный экономический университет
(СПбГЭУ)
Id of university: Э1
Year Of foundation: 1930
Main profile: Экономика
---------------------------------</message>
</record>
<record>
  <date>2021-09-10T11:42:10.986376Z</date>
  <millis>1631274130986</millis>
  <nanos>376000</nanos>
  <sequence>16</sequence>
  <logger>AppModule34</logger>
  <level>INFO</level>
  <class>AppModule34</class>
  <method>main</method>
  <thread>1</thread>
  <message>
---------------------------------
Московский государственный институт международных отношений
(МГИМО)
Id of university: Ж1
Year Of foundation: 1944
Main profile: Журналистика
---------------------------------</message>
</record>
<record>
  <date>2021-09-10T11:42:10.987446Z</date>
  <millis>1631274130987</millis>
  <nanos>446000</nanos>
  <sequence>17</sequence>
  <logger>AppModule34</logger>
  <level>INFO</level>
  <class>AppModule34</class>
  <method>main</method>
  <thread>1</thread>
  <message>
---------------------------------
Государственный институт театрального искусства
(ГИТИС)
Id of university: Т1
Year Of foundation: 1878
Main profile: Театральное искусство
---------------------------------</message>
</record>
<record>
  <date>2021-09-10T11:42:10.988517Z</date>
  <millis>1631274130988</millis>
  <nanos>517000</nanos>
  <sequence>18</sequence>
  <logger>AppModule34</logger>
  <level>INFO</level>
  <class>AppModule34</class>
  <method>main</method>
  <thread>1</thread>
  <message>
---------------------------------
Санкт-Петербургский государственный медицинский университет имени И. И. Мечникова
(СЗГМУ им. И. И. Мечникова)
Id of university: М2
Year Of foundation: 1907
Main profile: Медицина
---------------------------------</message>
</record>
<record>
  <date>2021-09-10T11:42:10.989517Z</date>
  <millis>1631274130989</millis>
  <nanos>517000</nanos>
  <sequence>19</sequence>
  <logger>AppModule34</logger>
  <level>INFO</level>
  <class>AppModule34</class>
  <method>main</method>
  <thread>1</thread>
  <message>
---------------------------------
Российская академия народного хозяйства и государственной службы при Президенте Российской Федерации
(РАНХиГС)
Id of university: У1
Year Of foundation: 2010
Main profile: Управление
---------------------------------</message>
</record>
<record>
  <date>2021-09-10T11:42:10.990560Z</date>
  <millis>1631274130990</millis>
  <nanos>560000</nanos>
  <sequence>20</sequence>
  <logger>AppModule34</logger>
  <level>INFO</level>
  <class>AppModule34</class>
  <method>main</method>
  <thread>1</thread>
  <message>
---------------------------------
Санкт-Петербургский национальный исследовательский университет информационных технологий, механики и оптики
(ИТМО)
Id of university: И1
Year Of foundation: 1900
Main profile: Компьютерные науки
---------------------------------</message>
</record>
<record>
  <date>2021-09-10T11:42:10.991646Z</date>
  <millis>1631274130991</millis>
  <nanos>646000</nanos>
  <sequence>21</sequence>
  <logger>AppModule34</logger>
  <level>INFO</level>
  <class>AppModule34</class>
  <method>main</method>
  <thread>1</thread>
  <message>
---------------------------------
Санкт-Петербургский государственный архитектурно-строительный университет
(СПбГАСУ)
Id of university: А1
Year Of foundation: 1832
Main profile: Архитектура
---------------------------------</message>
</record>
<record>
  <date>2021-09-10T11:42:10.992707Z</date>
  <millis>1631274130992</millis>
  <nanos>707000</nanos>
  <sequence>22</sequence>
  <logger>AppModule34</logger>
  <level>INFO</level>
  <class>AppModule34</class>
  <method>main</method>
  <thread>1</thread>
  <message>
==========================Streams===================================</message>
</record>
<record>
  <date>2021-09-10T11:42:10.994507Z</date>
  <millis>1631274130994</millis>
  <nanos>507000</nanos>
  <sequence>23</sequence>
  <logger>AppModule34</logger>
  <level>INFO</level>
  <class>AppModule34</class>
  <method>lambda$main$0</method>
  <thread>1</thread>
  <message>{
  "Name": "Попов Сергей Сергеевич",
  "UID": "Ж1",
  "Course": 1,
  "Average score": 4.3,
  "builder": {}
}</message>
</record>
<record>
  <date>2021-09-10T11:42:10.995811Z</date>
  <millis>1631274130995</millis>
  <nanos>811000</nanos>
  <sequence>24</sequence>
  <logger>AppModule34</logger>
  <level>INFO</level>
  <class>AppModule34</class>
  <method>lambda$main$0</method>
  <thread>1</thread>
  <message>---------------------------------
Student: Попов Сергей Сергеевич
Id of University: Ж1
Number of a current course: 1
The average grade for exams: 4.3
---------------------------------</message>
</record>
<record>
  <date>2021-09-10T11:42:10.996991Z</date>
  <millis>1631274130996</millis>
  <nanos>991000</nanos>
  <sequence>25</sequence>
  <logger>AppModule34</logger>
  <level>INFO</level>
  <class>AppModule34</class>
  <method>lambda$main$0</method>
  <thread>1</thread>
  <message>{
  "Name": "Антовнов Владислав Николаевич",
  "UID": "Ю1",
  "Course": 2,
  "Average score": 3.8,
  "builder": {}
}</message>
</record>
<record>
  <date>2021-09-10T11:42:10.998115Z</date>
  <millis>1631274130998</millis>
  <nanos>115000</nanos>
  <sequence>26</sequence>
  <logger>AppModule34</logger>
  <level>INFO</level>
  <class>AppModule34</class>
  <method>lambda$main$0</method>
  <thread>1</thread>
  <message>---------------------------------
Student: Антовнов Владислав Николаевич
Id of University: Ю1
Number of a current course: 2
The average grade for exams: 3.8
---------------------------------</message>
</record>
<record>
  <date>2021-09-10T11:42:10.999290Z</date>
  <millis>1631274130999</millis>
  <nanos>290000</nanos>
  <sequence>27</sequence>
  <logger>AppModule34</logger>
  <level>INFO</level>
  <class>AppModule34</class>
  <method>lambda$main$0</method>
  <thread>1</thread>
  <message>{
  "Name": "Морозова Анастасия Андреена",
  "UID": "М2",
  "Course": 3,
  "Average score": 4.1,
  "builder": {}
}</message>
</record>
<record>
  <date>2021-09-10T11:42:11.000340Z</date>
  <millis>1631274131000</millis>
  <nanos>340000</nanos>
  <sequence>28</sequence>
  <logger>AppModule34</logger>
  <level>INFO</level>
  <class>AppModule34</class>
  <method>lambda$main$0</method>
  <thread>1</thread>
  <message>---------------------------------
Student: Морозова Анастасия Андреена
Id of University: М2
Number of a current course: 3
The average grade for exams: 4.1
---------------------------------</message>
</record>
<record>
  <date>2021-09-10T11:42:11.001428Z</date>
  <millis>1631274131001</millis>
  <nanos>428000</nanos>
  <sequence>29</sequence>
  <logger>AppModule34</logger>
  <level>INFO</level>
  <class>AppModule34</class>
  <method>lambda$main$0</method>
  <thread>1</thread>
  <message>{
  "Name": "Евстафьев Олег Никитич",
  "UID": "Э1",
  "Course": 4,
  "Average score": 3.5,
  "builder": {}
}</message>
</record>
<record>
  <date>2021-09-10T11:42:11.002518Z</date>
  <millis>1631274131002</millis>
  <nanos>518000</nanos>
  <sequence>30</sequence>
  <logger>AppModule34</logger>
  <level>INFO</level>
  <class>AppModule34</class>
  <method>lambda$main$0</method>
  <thread>1</thread>
  <message>---------------------------------
Student: Евстафьев Олег Никитич
Id of University: Э1
Number of a current course: 4
The average grade for exams: 3.5
---------------------------------</message>
</record>
<record>
  <date>2021-09-10T11:42:11.003669Z</date>
  <millis>1631274131003</millis>
  <nanos>669000</nanos>
  <sequence>31</sequence>
  <logger>AppModule34</logger>
  <level>INFO</level>
  <class>AppModule34</class>
  <method>lambda$main$0</method>
  <thread>1</thread>
  <message>{
  "Name": "Бордовская Мария Ивановна",
  "UID": "М1",
  "Course": 5,
  "Average score": 5.0,
  "builder": {}
}</message>
</record>
<record>
  <date>2021-09-10T11:42:11.004713Z</date>
  <millis>1631274131004</millis>
  <nanos>713000</nanos>
  <sequence>32</sequence>
  <logger>AppModule34</logger>
  <level>INFO</level>
  <class>AppModule34</class>
  <method>lambda$main$0</method>
  <thread>1</thread>
  <message>---------------------------------
Student: Бордовская Мария Ивановна
Id of University: М1
Number of a current course: 5
The average grade for exams: 5.0
---------------------------------</message>
</record>
<record>
  <date>2021-09-10T11:42:11.006044Z</date>
  <millis>1631274131006</millis>
  <nanos>44000</nanos>
  <sequence>33</sequence>
  <logger>AppModule34</logger>
  <level>INFO</level>
  <class>AppModule34</class>
  <method>lambda$main$0</method>
  <thread>1</thread>
  <message>{
  "Name": "Петров Игорь Борисович",
  "UID": "Т1",
  "Course": 3,
  "Average score": 4.9,
  "builder": {}
}</message>
</record>
<record>
  <date>2021-09-10T11:42:11.007093Z</date>
  <millis>1631274131007</millis>
  <nanos>93000</nanos>
  <sequence>34</sequence>
  <logger>AppModule34</logger>
  <level>INFO</level>
  <class>AppModule34</class>
  <method>lambda$main$0</method>
  <thread>1</thread>
  <message>---------------------------------
Student: Петров Игорь Борисович
Id of University: Т1
Number of a current course: 3
The average grade for exams: 4.9
---------------------------------</message>
</record>
<record>
  <date>2021-09-10T11:42:11.008065Z</date>
  <millis>1631274131008</millis>
  <nanos>65000</nanos>
  <sequence>35</sequence>
  <logger>AppModule34</logger>
  <level>INFO</level>
  <class>AppModule34</class>
  <method>lambda$main$0</method>
  <thread>1</thread>
  <message>{
  "Name": "Мартынов Андрей Владимирович",
  "UID": "И1",
  "Course": 2,
  "Average score": 4.0,
  "builder": {}
}</message>
</record>
<record>
  <date>2021-09-10T11:42:11.009033Z</date>
  <millis>1631274131009</millis>
  <nanos>33000</nanos>
  <sequence>36</sequence>
  <logger>AppModule34</logger>
  <level>INFO</level>
  <class>AppModule34</class>
  <method>lambda$main$0</method>
  <thread>1</thread>
  <message>---------------------------------
Student: Мартынов Андрей Владимирович
Id of University: И1
Number of a current course: 2
The average grade for exams: 4.0
---------------------------------</message>
</record>
<record>
  <date>2021-09-10T11:42:11.010235Z</date>
  <millis>1631274131010</millis>
  <nanos>235000</nanos>
  <sequence>37</sequence>
  <logger>AppModule34</logger>
  <level>INFO</level>
  <class>AppModule34</class>
  <method>lambda$main$0</method>
  <thread>1</thread>
  <message>{
  "Name": "Глебова Ирина Петровна",
  "UID": "У1",
  "Course": 1,
  "Average score": 5.0,
  "builder": {}
}</message>
</record>
<record>
  <date>2021-09-10T11:42:11.012074Z</date>
  <millis>1631274131012</millis>
  <nanos>74000</nanos>
  <sequence>38</sequence>
  <logger>AppModule34</logger>
  <level>INFO</level>
  <class>AppModule34</class>
  <method>lambda$main$0</method>
  <thread>1</thread>
  <message>---------------------------------
Student: Глебова Ирина Петровна
Id of University: У1
Number of a current course: 1
The average grade for exams: 5.0
---------------------------------</message>
</record>
<record>
  <date>2021-09-10T11:42:11.013808Z</date>
  <millis>1631274131013</millis>
  <nanos>808000</nanos>
  <sequence>39</sequence>
  <logger>AppModule34</logger>
  <level>INFO</level>
  <class>AppModule34</class>
  <method>lambda$main$1</method>
  <thread>1</thread>
  <message>{
  "UID": "М1",
  "Full title": "Первый Санкт-Петербургский государственный медицинский университет им. акад. И.П.Павлова",
  "Abbreviation": "ПСПбГМУ им. И.П.Павлова",
  "Opening year": 1897,
  "Profile": "MEDICINE",
  "builder": {}
}</message>
</record>
<record>
  <date>2021-09-10T11:42:11.014843Z</date>
  <millis>1631274131014</millis>
  <nanos>843000</nanos>
  <sequence>40</sequence>
  <logger>AppModule34</logger>
  <level>INFO</level>
  <class>AppModule34</class>
  <method>lambda$main$1</method>
  <thread>1</thread>
  <message>---------------------------------
Первый Санкт-Петербургский государственный медицинский университет им. акад. И.П.Павлова
(ПСПбГМУ им. И.П.Павлова)
Id of university: М1
Year Of foundation: 1897
Main profile: Медицина
---------------------------------</message>
</record>
<record>
  <date>2021-09-10T11:42:11.015830Z</date>
  <millis>1631274131015</millis>
  <nanos>830000</nanos>
  <sequence>41</sequence>
  <logger>AppModule34</logger>
  <level>INFO</level>
  <class>AppModule34</class>
  <method>lambda$main$1</method>
  <thread>1</thread>
  <message>{
  "UID": "Ю1",
  "Full title": "Российский государственный университет правосудия",
  "Abbreviation": "РГУП",
  "Opening year": 1998,
  "Profile": "LEGAL_SCIENCE",
  "builder": {}
}</message>
</record>
<record>
  <date>2021-09-10T11:42:11.016955Z</date>
  <millis>1631274131016</millis>
  <nanos>955000</nanos>
  <sequence>42</sequence>
  <logger>AppModule34</logger>
  <level>INFO</level>
  <class>AppModule34</class>
  <method>lambda$main$1</method>
  <thread>1</thread>
  <message>---------------------------------
Российский государственный университет правосудия
(РГУП)
Id of university: Ю1
Year Of foundation: 1998
Main profile: Юриспруденция
---------------------------------</message>
</record>
<record>
  <date>2021-09-10T11:42:11.019455Z</date>
  <millis>1631274131019</millis>
  <nanos>455000</nanos>
  <sequence>43</sequence>
  <logger>AppModule34</logger>
  <level>INFO</level>
  <class>AppModule34</class>
  <method>lambda$main$1</method>
  <thread>1</thread>
  <message>{
  "UID": "Э1",
  "Full title": "Санкт-Петербургский государственный экономический университет",
  "Abbreviation": "СПбГЭУ",
  "Opening year": 1930,
  "Profile": "ECONOMICS",
  "builder": {}
}</message>
</record>
<record>
  <date>2021-09-10T11:42:11.020610Z</date>
  <millis>1631274131020</millis>
  <nanos>610000</nanos>
  <sequence>44</sequence>
  <logger>AppModule34</logger>
  <level>INFO</level>
  <class>AppModule34</class>
  <method>lambda$main$1</method>
  <thread>1</thread>
  <message>---------------------------------
Санкт-Петербургский государственный экономический университет
(СПбГЭУ)
Id of university: Э1
Year Of foundation: 1930
Main profile: Экономика
---------------------------------</message>
</record>
<record>
  <date>2021-09-10T11:42:11.021710Z</date>
  <millis>1631274131021</millis>
  <nanos>710000</nanos>
  <sequence>45</sequence>
  <logger>AppModule34</logger>
  <level>INFO</level>
  <class>AppModule34</class>
  <method>lambda$main$1</method>
  <thread>1</thread>
  <message>{
  "UID": "Ж1",
  "Full title": "Московский государственный институт международных отношений",
  "Abbreviation": "МГИМО",
  "Opening year": 1944,
  "Profile": "JOURNALISM",
  "builder": {}
}</message>
</record>
<record>
  <date>2021-09-10T11:42:11.022749Z</date>
  <millis>1631274131022</millis>
  <nanos>749000</nanos>
  <sequence>46</sequence>
  <logger>AppModule34</logger>
  <level>INFO</level>
  <class>AppModule34</class>
  <method>lambda$main$1</method>
  <thread>1</thread>
  <message>---------------------------------
Московский государственный институт международных отношений
(МГИМО)
Id of university: Ж1
Year Of foundation: 1944
Main profile: Журналистика
---------------------------------</message>
</record>
<record>
  <date>2021-09-10T11:42:11.024172Z</date>
  <millis>1631274131024</millis>
  <nanos>172000</nanos>
  <sequence>47</sequence>
  <logger>AppModule34</logger>
  <level>INFO</level>
  <class>AppModule34</class>
  <method>lambda$main$1</method>
  <thread>1</thread>
  <message>{
  "UID": "Т1",
  "Full title": "Государственный институт театрального искусства",
  "Abbreviation": "ГИТИС",
  "Opening year": 1878,
  "Profile": "THEATER_ARTS",
  "builder": {}
}</message>
</record>
<record>
  <date>2021-09-10T11:42:11.025371Z</date>
  <millis>1631274131025</millis>
  <nanos>371000</nanos>
  <sequence>48</sequence>
  <logger>AppModule34</logger>
  <level>INFO</level>
  <class>AppModule34</class>
  <method>lambda$main$1</method>
  <thread>1</thread>
  <message>---------------------------------
Государственный институт театрального искусства
(ГИТИС)
Id of university: Т1
Year Of foundation: 1878
Main profile: Театральное искусство
---------------------------------</message>
</record>
<record>
  <date>2021-09-10T11:42:11.026538Z</date>
  <millis>1631274131026</millis>
  <nanos>538000</nanos>
  <sequence>49</sequence>
  <logger>AppModule34</logger>
  <level>INFO</level>
  <class>AppModule34</class>
  <method>lambda$main$1</method>
  <thread>1</thread>
  <message>{
  "UID": "М2",
  "Full title": "Санкт-Петербургский государственный медицинский университет имени И. И. Мечникова",
  "Abbreviation": "СЗГМУ им. И. И. Мечникова",
  "Opening year": 1907,
  "Profile": "MEDICINE",
  "builder": {}
}</message>
</record>
<record>
  <date>2021-09-10T11:42:11.027528Z</date>
  <millis>1631274131027</millis>
  <nanos>528000</nanos>
  <sequence>50</sequence>
  <logger>AppModule34</logger>
  <level>INFO</level>
  <class>AppModule34</class>
  <method>lambda$main$1</method>
  <thread>1</thread>
  <message>---------------------------------
Санкт-Петербургский государственный медицинский университет имени И. И. Мечникова
(СЗГМУ им. И. И. Мечникова)
Id of university: М2
Year Of foundation: 1907
Main profile: Медицина
---------------------------------</message>
</record>
<record>
  <date>2021-09-10T11:42:11.028242Z</date>
  <millis>1631274131028</millis>
  <nanos>242000</nanos>
  <sequence>51</sequence>
  <logger>AppModule34</logger>
  <level>INFO</level>
  <class>AppModule34</class>
  <method>lambda$main$1</method>
  <thread>1</thread>
  <message>{
  "UID": "У1",
  "Full title": "Российская академия народного хозяйства и государственной службы при Президенте Российской Федерации",
  "Abbreviation": "РАНХиГС",
  "Opening year": 2010,
  "Profile": "MANAGEMENT",
  "builder": {}
}</message>
</record>
<record>
  <date>2021-09-10T11:42:11.029739Z</date>
  <millis>1631274131029</millis>
  <nanos>739000</nanos>
  <sequence>52</sequence>
  <logger>AppModule34</logger>
  <level>INFO</level>
  <class>AppModule34</class>
  <method>lambda$main$1</method>
  <thread>1</thread>
  <message>---------------------------------
Российская академия народного хозяйства и государственной службы при Президенте Российской Федерации
(РАНХиГС)
Id of university: У1
Year Of foundation: 2010
Main profile: Управление
---------------------------------</message>
</record>
<record>
  <date>2021-09-10T11:42:11.030995Z</date>
  <millis>1631274131030</millis>
  <nanos>995000</nanos>
  <sequence>53</sequence>
  <logger>AppModule34</logger>
  <level>INFO</level>
  <class>AppModule34</class>
  <method>lambda$main$1</method>
  <thread>1</thread>
  <message>{
  "UID": "И1",
  "Full title": "Санкт-Петербургский национальный исследовательский университет информационных технологий, механики и оптики",
  "Abbreviation": "ИТМО",
  "Opening year": 1900,
  "Profile": "COMPUTER_SCIENCES",
  "builder": {}
}</message>
</record>
<record>
  <date>2021-09-10T11:42:11.031819Z</date>
  <millis>1631274131031</millis>
  <nanos>819000</nanos>
  <sequence>54</sequence>
  <logger>AppModule34</logger>
  <level>INFO</level>
  <class>AppModule34</class>
  <method>lambda$main$1</method>
  <thread>1</thread>
  <message>---------------------------------
Санкт-Петербургский национальный исследовательский университет информационных технологий, механики и оптики
(ИТМО)
Id of university: И1
Year Of foundation: 1900
Main profile: Компьютерные науки
---------------------------------</message>
</record>
<record>
  <date>2021-09-10T11:42:11.032570Z</date>
  <millis>1631274131032</millis>
  <nanos>570000</nanos>
  <sequence>55</sequence>
  <logger>AppModule34</logger>
  <level>INFO</level>
  <class>AppModule34</class>
  <method>lambda$main$1</method>
  <thread>1</thread>
  <message>{
  "UID": "А1",
  "Full title": "Санкт-Петербургский государственный архитектурно-строительный университет",
  "Abbreviation": "СПбГАСУ",
  "Opening year": 1832,
  "Profile": "ARCHITECTURE",
  "builder": {}
}</message>
</record>
<record>
  <date>2021-09-10T11:42:11.033611Z</date>
  <millis>1631274131033</millis>
  <nanos>611000</nanos>
  <sequence>56</sequence>
  <logger>AppModule34</logger>
  <level>INFO</level>
  <class>AppModule34</class>
  <method>lambda$main$1</method>
  <thread>1</thread>
  <message>---------------------------------
Санкт-Петербургский государственный архитектурно-строительный университет
(СПбГАСУ)
Id of university: А1
Year Of foundation: 1832
Main profile: Архитектура
---------------------------------</message>
</record>
<record>
  <date>2021-09-10T11:42:11.034234Z</date>
  <millis>1631274131034</millis>
  <nanos>234000</nanos>
  <sequence>57</sequence>
  <logger>AppModule34</logger>
  <level>INFO</level>
  <class>AppModule34</class>
  <method>main</method>
  <thread>1</thread>
  <message>The application has exited successfully</message>
</record>
</log>
