<?xml version="1.0" encoding="UTF-8" standalone="no"?>
<!DOCTYPE log SYSTEM "logger.dtd">
<log>
<record>
  <date>2021-09-07T21:24:18.364341Z</date>
  <millis>1631049858364</millis>
  <nanos>341000</nanos>
  <sequence>0</sequence>
  <logger>AppModule34</logger>
  <level>INFO</level>
  <class>AppModule34</class>
  <method>main</method>
  <thread>1</thread>
  <message>The application has started successfully</message>
</record>
<record>
  <date>2021-09-07T21:24:19.288963Z</date>
  <millis>1631049859288</millis>
  <nanos>963000</nanos>
  <sequence>1</sequence>
  <logger>AppModule34</logger>
  <level>INFO</level>
  <class>AppModule34</class>
  <method>main</method>
  <thread>1</thread>
  <message>
++++++++++++++++Collections serialization to JSON+++++++++++++++++++</message>
</record>
<record>
  <date>2021-09-07T21:24:19.357828Z</date>
  <millis>1631049859357</millis>
  <nanos>828000</nanos>
  <sequence>2</sequence>
  <logger>AppModule34</logger>
  <level>INFO</level>
  <class>AppModule34</class>
  <method>main</method>
  <thread>1</thread>
  <message>[
  {
    "Name": "Попов Сергей Сергеевич",
    "UID": "Ж1",
    "Course": 1,
    "Average score": 4.3,
    "builder": {}
  },
  {
    "Name": "Антовнов Владислав Николаевич",
    "UID": "Ю1",
    "Course": 2,
    "Average score": 3.8,
    "builder": {}
  },
  {
    "Name": "Морозова Анастасия Андреена",
    "UID": "М2",
    "Course": 3,
    "Average score": 4.1,
    "builder": {}
  },
  {
    "Name": "Евстафьев Олег Никитич",
    "UID": "Э1",
    "Course": 4,
    "Average score": 3.5,
    "builder": {}
  },
  {
    "Name": "Бордовская Мария Ивановна",
    "UID": "М1",
    "Course": 5,
    "Average score": 5.0,
    "builder": {}
  },
  {
    "Name": "Петров Игорь Борисович",
    "UID": "Т1",
    "Course": 3,
    "Average score": 4.9,
    "builder": {}
  },
  {
    "Name": "Мартынов Андрей Владимирович",
    "UID": "И1",
    "Course": 2,
    "Average score": 4.0,
    "builder": {}
  },
  {
    "Name": "Глебова Ирина Петровна",
    "UID": "У1",
    "Course": 1,
    "Average score": 5.0,
    "builder": {}
  }
]</message>
</record>
<record>
  <date>2021-09-07T21:24:19.359245Z</date>
  <millis>1631049859359</millis>
  <nanos>245000</nanos>
  <sequence>3</sequence>
  <logger>AppModule34</logger>
  <level>INFO</level>
  <class>AppModule34</class>
  <method>main</method>
  <thread>1</thread>
  <message>[
  {
    "UID": "М1",
    "Full title": "Первый Санкт-Петербургский государственный медицинский университет им. акад. И.П.Павлова",
    "Abbreviation": "ПСПбГМУ им. И.П.Павлова",
    "Opening year": 1897,
    "Profile": "MEDICINE",
    "builder": {}
  },
  {
    "UID": "Ю1",
    "Full title": "Российский государственный университет правосудия",
    "Abbreviation": "РГУП",
    "Opening year": 1998,
    "Profile": "LEGAL_SCIENCE",
    "builder": {}
  },
  {
    "UID": "Э1",
    "Full title": "Санкт-Петербургский государственный экономический университет",
    "Abbreviation": "СПбГЭУ",
    "Opening year": 1930,
    "Profile": "ECONOMICS",
    "builder": {}
  },
  {
    "UID": "Ж1",
    "Full title": "Московский государственный институт международных отношений",
    "Abbreviation": "МГИМО",
    "Opening year": 1944,
    "Profile": "JOURNALISM",
    "builder": {}
  },
  {
    "UID": "Т1",
    "Full title": "Государственный институт театрального искусства",
    "Abbreviation": "ГИТИС",
    "Opening year": 1878,
    "Profile": "THEATER_ARTS",
    "builder": {}
  },
  {
    "UID": "М2",
    "Full title": "Санкт-Петербургский государственный медицинский университет имени И. И. Мечникова",
    "Abbreviation": "СЗГМУ им. И. И. Мечникова",
    "Opening year": 1907,
    "Profile": "MEDICINE",
    "builder": {}
  },
  {
    "UID": "У1",
    "Full title": "Российская академия народного хозяйства и государственной службы при Президенте Российской Федерации",
    "Abbreviation": "РАНХиГС",
    "Opening year": 2010,
    "Profile": "MANAGEMENT",
    "builder": {}
  },
  {
    "UID": "И1",
    "Full title": "Санкт-Петербургский национальный исследовательский университет информационных технологий, механики и оптики",
    "Abbreviation": "ИТМО",
    "Opening year": 1900,
    "Profile": "COMPUTER_SCIENCES",
    "builder": {}
  },
  {
    "UID": "А1",
    "Full title": "Санкт-Петербургский государственный архитектурно-строительный университет",
    "Abbreviation": "СПбГАСУ",
    "Opening year": 1832,
    "Profile": "ARCHITECTURE",
    "builder": {}
  }
]</message>
</record>
<record>
  <date>2021-09-07T21:24:19.361078Z</date>
  <millis>1631049859361</millis>
  <nanos>78000</nanos>
  <sequence>4</sequence>
  <logger>AppModule34</logger>
  <level>INFO</level>
  <class>AppModule34</class>
  <method>main</method>
  <thread>1</thread>
  <message>
++++++++++++++++++++++++++++++++++++++++++++++++++++++++++++++++++++</message>
</record>
<record>
  <date>2021-09-07T21:24:19.361950Z</date>
  <millis>1631049859361</millis>
  <nanos>950000</nanos>
  <sequence>5</sequence>
  <logger>AppModule34</logger>
  <level>INFO</level>
  <class>AppModule34</class>
  <method>main</method>
  <thread>1</thread>
  <message>
+++++++++++++++Collections deserialization from JSON++++++++++++++++</message>
</record>
<record>
  <date>2021-09-07T21:24:19.367911Z</date>
  <millis>1631049859367</millis>
  <nanos>911000</nanos>
  <sequence>6</sequence>
  <logger>AppModule34</logger>
  <level>INFO</level>
  <class>AppModule34</class>
  <method>main</method>
  <thread>1</thread>
  <message>
---------------------------------
Student: Попов Сергей Сергеевич
Id of University: Ж1
Number of a current course: 1
The average grade for exams: 4.3
---------------------------------</message>
</record>
<record>
  <date>2021-09-07T21:24:19.368859Z</date>
  <millis>1631049859368</millis>
  <nanos>859000</nanos>
  <sequence>7</sequence>
  <logger>AppModule34</logger>
  <level>INFO</level>
  <class>AppModule34</class>
  <method>main</method>
  <thread>1</thread>
  <message>
---------------------------------
Student: Антовнов Владислав Николаевич
Id of University: Ю1
Number of a current course: 2
The average grade for exams: 3.8
---------------------------------</message>
</record>
<record>
  <date>2021-09-07T21:24:19.369881Z</date>
  <millis>1631049859369</millis>
  <nanos>881000</nanos>
  <sequence>8</sequence>
  <logger>AppModule34</logger>
  <level>INFO</level>
  <class>AppModule34</class>
  <method>main</method>
  <thread>1</thread>
  <message>
---------------------------------
Student: Морозова Анастасия Андреена
Id of University: М2
Number of a current course: 3
The average grade for exams: 4.1
---------------------------------</message>
</record>
<record>
  <date>2021-09-07T21:24:19.371116Z</date>
  <millis>1631049859371</millis>
  <nanos>116000</nanos>
  <sequence>9</sequence>
  <logger>AppModule34</logger>
  <level>INFO</level>
  <class>AppModule34</class>
  <method>main</method>
  <thread>1</thread>
  <message>
---------------------------------
Student: Евстафьев Олег Никитич
Id of University: Э1
Number of a current course: 4
The average grade for exams: 3.5
---------------------------------</message>
</record>
<record>
  <date>2021-09-07T21:24:19.371993Z</date>
  <millis>1631049859371</millis>
  <nanos>993000</nanos>
  <sequence>10</sequence>
  <logger>AppModule34</logger>
  <level>INFO</level>
  <class>AppModule34</class>
  <method>main</method>
  <thread>1</thread>
  <message>
---------------------------------
Student: Бордовская Мария Ивановна
Id of University: М1
Number of a current course: 5
The average grade for exams: 5.0
---------------------------------</message>
</record>
<record>
  <date>2021-09-07T21:24:19.372823Z</date>
  <millis>1631049859372</millis>
  <nanos>823000</nanos>
  <sequence>11</sequence>
  <logger>AppModule34</logger>
  <level>INFO</level>
  <class>AppModule34</class>
  <method>main</method>
  <thread>1</thread>
  <message>
---------------------------------
Student: Петров Игорь Борисович
Id of University: Т1
Number of a current course: 3
The average grade for exams: 4.9
---------------------------------</message>
</record>
<record>
  <date>2021-09-07T21:24:19.373820Z</date>
  <millis>1631049859373</millis>
  <nanos>820000</nanos>
  <sequence>12</sequence>
  <logger>AppModule34</logger>
  <level>INFO</level>
  <class>AppModule34</class>
  <method>main</method>
  <thread>1</thread>
  <message>
---------------------------------
Student: Мартынов Андрей Владимирович
Id of University: И1
Number of a current course: 2
The average grade for exams: 4.0
---------------------------------</message>
</record>
<record>
  <date>2021-09-07T21:24:19.374625Z</date>
  <millis>1631049859374</millis>
  <nanos>625000</nanos>
  <sequence>13</sequence>
  <logger>AppModule34</logger>
  <level>INFO</level>
  <class>AppModule34</class>
  <method>main</method>
  <thread>1</thread>
  <message>
---------------------------------
Student: Глебова Ирина Петровна
Id of University: У1
Number of a current course: 1
The average grade for exams: 5.0
---------------------------------</message>
</record>
<record>
  <date>2021-09-07T21:24:19.375584Z</date>
  <millis>1631049859375</millis>
  <nanos>584000</nanos>
  <sequence>14</sequence>
  <logger>AppModule34</logger>
  <level>INFO</level>
  <class>AppModule34</class>
  <method>main</method>
  <thread>1</thread>
  <message>
---------------------------------
Первый Санкт-Петербургский государственный медицинский университет им. акад. И.П.Павлова
(ПСПбГМУ им. И.П.Павлова)
Id of university: М1
Year Of foundation: 1897
Main profile: Медицина
---------------------------------</message>
</record>
<record>
  <date>2021-09-07T21:24:19.376451Z</date>
  <millis>1631049859376</millis>
  <nanos>451000</nanos>
  <sequence>15</sequence>
  <logger>AppModule34</logger>
  <level>INFO</level>
  <class>AppModule34</class>
  <method>main</method>
  <thread>1</thread>
  <message>
---------------------------------
Российский государственный университет правосудия
(РГУП)
Id of university: Ю1
Year Of foundation: 1998
Main profile: Юриспруденция
---------------------------------</message>
</record>
<record>
  <date>2021-09-07T21:24:19.377207Z</date>
  <millis>1631049859377</millis>
  <nanos>207000</nanos>
  <sequence>16</sequence>
  <logger>AppModule34</logger>
  <level>INFO</level>
  <class>AppModule34</class>
  <method>main</method>
  <thread>1</thread>
  <message>
---------------------------------
Санкт-Петербургский государственный экономический университет
(СПбГЭУ)
Id of university: Э1
Year Of foundation: 1930
Main profile: Экономика
---------------------------------</message>
</record>
<record>
  <date>2021-09-07T21:24:19.378151Z</date>
  <millis>1631049859378</millis>
  <nanos>151000</nanos>
  <sequence>17</sequence>
  <logger>AppModule34</logger>
  <level>INFO</level>
  <class>AppModule34</class>
  <method>main</method>
  <thread>1</thread>
  <message>
---------------------------------
Московский государственный институт международных отношений
(МГИМО)
Id of university: Ж1
Year Of foundation: 1944
Main profile: Журналистика
---------------------------------</message>
</record>
<record>
  <date>2021-09-07T21:24:19.378932Z</date>
  <millis>1631049859378</millis>
  <nanos>932000</nanos>
  <sequence>18</sequence>
  <logger>AppModule34</logger>
  <level>INFO</level>
  <class>AppModule34</class>
  <method>main</method>
  <thread>1</thread>
  <message>
---------------------------------
Государственный институт театрального искусства
(ГИТИС)
Id of university: Т1
Year Of foundation: 1878
Main profile: Театральное искусство
---------------------------------</message>
</record>
<record>
  <date>2021-09-07T21:24:19.379557Z</date>
  <millis>1631049859379</millis>
  <nanos>557000</nanos>
  <sequence>19</sequence>
  <logger>AppModule34</logger>
  <level>INFO</level>
  <class>AppModule34</class>
  <method>main</method>
  <thread>1</thread>
  <message>
---------------------------------
Санкт-Петербургский государственный медицинский университет имени И. И. Мечникова
(СЗГМУ им. И. И. Мечникова)
Id of university: М2
Year Of foundation: 1907
Main profile: Медицина
---------------------------------</message>
</record>
<record>
  <date>2021-09-07T21:24:19.380209Z</date>
  <millis>1631049859380</millis>
  <nanos>209000</nanos>
  <sequence>20</sequence>
  <logger>AppModule34</logger>
  <level>INFO</level>
  <class>AppModule34</class>
  <method>main</method>
  <thread>1</thread>
  <message>
---------------------------------
Российская академия народного хозяйства и государственной службы при Президенте Российской Федерации
(РАНХиГС)
Id of university: У1
Year Of foundation: 2010
Main profile: Управление
---------------------------------</message>
</record>
<record>
  <date>2021-09-07T21:24:19.380961Z</date>
  <millis>1631049859380</millis>
  <nanos>961000</nanos>
  <sequence>21</sequence>
  <logger>AppModule34</logger>
  <level>INFO</level>
  <class>AppModule34</class>
  <method>main</method>
  <thread>1</thread>
  <message>
---------------------------------
Санкт-Петербургский национальный исследовательский университет информационных технологий, механики и оптики
(ИТМО)
Id of university: И1
Year Of foundation: 1900
Main profile: Компьютерные науки
---------------------------------</message>
</record>
<record>
  <date>2021-09-07T21:24:19.381686Z</date>
  <millis>1631049859381</millis>
  <nanos>686000</nanos>
  <sequence>22</sequence>
  <logger>AppModule34</logger>
  <level>INFO</level>
  <class>AppModule34</class>
  <method>main</method>
  <thread>1</thread>
  <message>
---------------------------------
Санкт-Петербургский государственный архитектурно-строительный университет
(СПбГАСУ)
Id of university: А1
Year Of foundation: 1832
Main profile: Архитектура
---------------------------------</message>
</record>
<record>
  <date>2021-09-07T21:24:19.382439Z</date>
  <millis>1631049859382</millis>
  <nanos>439000</nanos>
  <sequence>23</sequence>
  <logger>AppModule34</logger>
  <level>INFO</level>
  <class>AppModule34</class>
  <method>main</method>
  <thread>1</thread>
  <message>
++++++++++++++++++++++++++++++++++++++++++++++++++++++++++++++++++++</message>
</record>
<record>
  <date>2021-09-07T21:24:19.383010Z</date>
  <millis>1631049859383</millis>
  <nanos>10000</nanos>
  <sequence>24</sequence>
  <logger>AppModule34</logger>
  <level>INFO</level>
  <class>AppModule34</class>
  <method>main</method>
  <thread>1</thread>
  <message>
==========================Streams===================================</message>
</record>
<record>
  <date>2021-09-07T21:24:19.384440Z</date>
  <millis>1631049859384</millis>
  <nanos>440000</nanos>
  <sequence>25</sequence>
  <logger>AppModule34</logger>
  <level>INFO</level>
  <class>AppModule34</class>
  <method>lambda$main$0</method>
  <thread>1</thread>
  <message>{
  "Name": "Попов Сергей Сергеевич",
  "UID": "Ж1",
  "Course": 1,
  "Average score": 4.3,
  "builder": {}
}</message>
</record>
<record>
  <date>2021-09-07T21:24:19.385627Z</date>
  <millis>1631049859385</millis>
  <nanos>627000</nanos>
  <sequence>26</sequence>
  <logger>AppModule34</logger>
  <level>INFO</level>
  <class>AppModule34</class>
  <method>lambda$main$0</method>
  <thread>1</thread>
  <message>---------------------------------
Student: Попов Сергей Сергеевич
Id of University: Ж1
Number of a current course: 1
The average grade for exams: 4.3
---------------------------------</message>
</record>
<record>
  <date>2021-09-07T21:24:19.386449Z</date>
  <millis>1631049859386</millis>
  <nanos>449000</nanos>
  <sequence>27</sequence>
  <logger>AppModule34</logger>
  <level>INFO</level>
  <class>AppModule34</class>
  <method>lambda$main$0</method>
  <thread>1</thread>
  <message>{
  "Name": "Антовнов Владислав Николаевич",
  "UID": "Ю1",
  "Course": 2,
  "Average score": 3.8,
  "builder": {}
}</message>
</record>
<record>
  <date>2021-09-07T21:24:19.387153Z</date>
  <millis>1631049859387</millis>
  <nanos>153000</nanos>
  <sequence>28</sequence>
  <logger>AppModule34</logger>
  <level>INFO</level>
  <class>AppModule34</class>
  <method>lambda$main$0</method>
  <thread>1</thread>
  <message>---------------------------------
Student: Антовнов Владислав Николаевич
Id of University: Ю1
Number of a current course: 2
The average grade for exams: 3.8
---------------------------------</message>
</record>
<record>
  <date>2021-09-07T21:24:19.387819Z</date>
  <millis>1631049859387</millis>
  <nanos>819000</nanos>
  <sequence>29</sequence>
  <logger>AppModule34</logger>
  <level>INFO</level>
  <class>AppModule34</class>
  <method>lambda$main$0</method>
  <thread>1</thread>
  <message>{
  "Name": "Морозова Анастасия Андреена",
  "UID": "М2",
  "Course": 3,
  "Average score": 4.1,
  "builder": {}
}</message>
</record>
<record>
  <date>2021-09-07T21:24:19.388521Z</date>
  <millis>1631049859388</millis>
  <nanos>521000</nanos>
  <sequence>30</sequence>
  <logger>AppModule34</logger>
  <level>INFO</level>
  <class>AppModule34</class>
  <method>lambda$main$0</method>
  <thread>1</thread>
  <message>---------------------------------
Student: Морозова Анастасия Андреена
Id of University: М2
Number of a current course: 3
The average grade for exams: 4.1
---------------------------------</message>
</record>
<record>
  <date>2021-09-07T21:24:19.389503Z</date>
  <millis>1631049859389</millis>
  <nanos>503000</nanos>
  <sequence>31</sequence>
  <logger>AppModule34</logger>
  <level>INFO</level>
  <class>AppModule34</class>
  <method>lambda$main$0</method>
  <thread>1</thread>
  <message>{
  "Name": "Евстафьев Олег Никитич",
  "UID": "Э1",
  "Course": 4,
  "Average score": 3.5,
  "builder": {}
}</message>
</record>
<record>
  <date>2021-09-07T21:24:19.390528Z</date>
  <millis>1631049859390</millis>
  <nanos>528000</nanos>
  <sequence>32</sequence>
  <logger>AppModule34</logger>
  <level>INFO</level>
  <class>AppModule34</class>
  <method>lambda$main$0</method>
  <thread>1</thread>
  <message>---------------------------------
Student: Евстафьев Олег Никитич
Id of University: Э1
Number of a current course: 4
The average grade for exams: 3.5
---------------------------------</message>
</record>
<record>
  <date>2021-09-07T21:24:19.391523Z</date>
  <millis>1631049859391</millis>
  <nanos>523000</nanos>
  <sequence>33</sequence>
  <logger>AppModule34</logger>
  <level>INFO</level>
  <class>AppModule34</class>
  <method>lambda$main$0</method>
  <thread>1</thread>
  <message>{
  "Name": "Бордовская Мария Ивановна",
  "UID": "М1",
  "Course": 5,
  "Average score": 5.0,
  "builder": {}
}</message>
</record>
<record>
  <date>2021-09-07T21:24:19.392625Z</date>
  <millis>1631049859392</millis>
  <nanos>625000</nanos>
  <sequence>34</sequence>
  <logger>AppModule34</logger>
  <level>INFO</level>
  <class>AppModule34</class>
  <method>lambda$main$0</method>
  <thread>1</thread>
  <message>---------------------------------
Student: Бордовская Мария Ивановна
Id of University: М1
Number of a current course: 5
The average grade for exams: 5.0
---------------------------------</message>
</record>
<record>
  <date>2021-09-07T21:24:19.393653Z</date>
  <millis>1631049859393</millis>
  <nanos>653000</nanos>
  <sequence>35</sequence>
  <logger>AppModule34</logger>
  <level>INFO</level>
  <class>AppModule34</class>
  <method>lambda$main$0</method>
  <thread>1</thread>
  <message>{
  "Name": "Петров Игорь Борисович",
  "UID": "Т1",
  "Course": 3,
  "Average score": 4.9,
  "builder": {}
}</message>
</record>
<record>
  <date>2021-09-07T21:24:19.394314Z</date>
  <millis>1631049859394</millis>
  <nanos>314000</nanos>
  <sequence>36</sequence>
  <logger>AppModule34</logger>
  <level>INFO</level>
  <class>AppModule34</class>
  <method>lambda$main$0</method>
  <thread>1</thread>
  <message>---------------------------------
Student: Петров Игорь Борисович
Id of University: Т1
Number of a current course: 3
The average grade for exams: 4.9
---------------------------------</message>
</record>
<record>
  <date>2021-09-07T21:24:19.395019Z</date>
  <millis>1631049859395</millis>
  <nanos>19000</nanos>
  <sequence>37</sequence>
  <logger>AppModule34</logger>
  <level>INFO</level>
  <class>AppModule34</class>
  <method>lambda$main$0</method>
  <thread>1</thread>
  <message>{
  "Name": "Мартынов Андрей Владимирович",
  "UID": "И1",
  "Course": 2,
  "Average score": 4.0,
  "builder": {}
}</message>
</record>
<record>
  <date>2021-09-07T21:24:19.395722Z</date>
  <millis>1631049859395</millis>
  <nanos>722000</nanos>
  <sequence>38</sequence>
  <logger>AppModule34</logger>
  <level>INFO</level>
  <class>AppModule34</class>
  <method>lambda$main$0</method>
  <thread>1</thread>
  <message>---------------------------------
Student: Мартынов Андрей Владимирович
Id of University: И1
Number of a current course: 2
The average grade for exams: 4.0
---------------------------------</message>
</record>
<record>
  <date>2021-09-07T21:24:19.396318Z</date>
  <millis>1631049859396</millis>
  <nanos>318000</nanos>
  <sequence>39</sequence>
  <logger>AppModule34</logger>
  <level>INFO</level>
  <class>AppModule34</class>
  <method>lambda$main$0</method>
  <thread>1</thread>
  <message>{
  "Name": "Глебова Ирина Петровна",
  "UID": "У1",
  "Course": 1,
  "Average score": 5.0,
  "builder": {}
}</message>
</record>
<record>
  <date>2021-09-07T21:24:19.397750Z</date>
  <millis>1631049859397</millis>
  <nanos>750000</nanos>
  <sequence>40</sequence>
  <logger>AppModule34</logger>
  <level>INFO</level>
  <class>AppModule34</class>
  <method>lambda$main$0</method>
  <thread>1</thread>
  <message>---------------------------------
Student: Глебова Ирина Петровна
Id of University: У1
Number of a current course: 1
The average grade for exams: 5.0
---------------------------------</message>
</record>
<record>
  <date>2021-09-07T21:24:19.399018Z</date>
  <millis>1631049859399</millis>
  <nanos>18000</nanos>
  <sequence>41</sequence>
  <logger>AppModule34</logger>
  <level>INFO</level>
  <class>AppModule34</class>
  <method>lambda$main$1</method>
  <thread>1</thread>
  <message>{
  "UID": "М1",
  "Full title": "Первый Санкт-Петербургский государственный медицинский университет им. акад. И.П.Павлова",
  "Abbreviation": "ПСПбГМУ им. И.П.Павлова",
  "Opening year": 1897,
  "Profile": "MEDICINE",
  "builder": {}
}</message>
</record>
<record>
  <date>2021-09-07T21:24:19.400034Z</date>
  <millis>1631049859400</millis>
  <nanos>34000</nanos>
  <sequence>42</sequence>
  <logger>AppModule34</logger>
  <level>INFO</level>
  <class>AppModule34</class>
  <method>lambda$main$1</method>
  <thread>1</thread>
  <message>---------------------------------
Первый Санкт-Петербургский государственный медицинский университет им. акад. И.П.Павлова
(ПСПбГМУ им. И.П.Павлова)
Id of university: М1
Year Of foundation: 1897
Main profile: Медицина
---------------------------------</message>
</record>
<record>
  <date>2021-09-07T21:24:19.400837Z</date>
  <millis>1631049859400</millis>
  <nanos>837000</nanos>
  <sequence>43</sequence>
  <logger>AppModule34</logger>
  <level>INFO</level>
  <class>AppModule34</class>
  <method>lambda$main$1</method>
  <thread>1</thread>
  <message>{
  "UID": "Ю1",
  "Full title": "Российский государственный университет правосудия",
  "Abbreviation": "РГУП",
  "Opening year": 1998,
  "Profile": "LEGAL_SCIENCE",
  "builder": {}
}</message>
</record>
<record>
  <date>2021-09-07T21:24:19.401416Z</date>
  <millis>1631049859401</millis>
  <nanos>416000</nanos>
  <sequence>44</sequence>
  <logger>AppModule34</logger>
  <level>INFO</level>
  <class>AppModule34</class>
  <method>lambda$main$1</method>
  <thread>1</thread>
  <message>---------------------------------
Российский государственный университет правосудия
(РГУП)
Id of university: Ю1
Year Of foundation: 1998
Main profile: Юриспруденция
---------------------------------</message>
</record>
<record>
  <date>2021-09-07T21:24:19.402209Z</date>
  <millis>1631049859402</millis>
  <nanos>209000</nanos>
  <sequence>45</sequence>
  <logger>AppModule34</logger>
  <level>INFO</level>
  <class>AppModule34</class>
  <method>lambda$main$1</method>
  <thread>1</thread>
  <message>{
  "UID": "Э1",
  "Full title": "Санкт-Петербургский государственный экономический университет",
  "Abbreviation": "СПбГЭУ",
  "Opening year": 1930,
  "Profile": "ECONOMICS",
  "builder": {}
}</message>
</record>
<record>
  <date>2021-09-07T21:24:19.402751Z</date>
  <millis>1631049859402</millis>
  <nanos>751000</nanos>
  <sequence>46</sequence>
  <logger>AppModule34</logger>
  <level>INFO</level>
  <class>AppModule34</class>
  <method>lambda$main$1</method>
  <thread>1</thread>
  <message>---------------------------------
Санкт-Петербургский государственный экономический университет
(СПбГЭУ)
Id of university: Э1
Year Of foundation: 1930
Main profile: Экономика
---------------------------------</message>
</record>
<record>
  <date>2021-09-07T21:24:19.403436Z</date>
  <millis>1631049859403</millis>
  <nanos>436000</nanos>
  <sequence>47</sequence>
  <logger>AppModule34</logger>
  <level>INFO</level>
  <class>AppModule34</class>
  <method>lambda$main$1</method>
  <thread>1</thread>
  <message>{
  "UID": "Ж1",
  "Full title": "Московский государственный институт международных отношений",
  "Abbreviation": "МГИМО",
  "Opening year": 1944,
  "Profile": "JOURNALISM",
  "builder": {}
}</message>
</record>
<record>
  <date>2021-09-07T21:24:19.404271Z</date>
  <millis>1631049859404</millis>
  <nanos>271000</nanos>
  <sequence>48</sequence>
  <logger>AppModule34</logger>
  <level>INFO</level>
  <class>AppModule34</class>
  <method>lambda$main$1</method>
  <thread>1</thread>
  <message>---------------------------------
Московский государственный институт международных отношений
(МГИМО)
Id of university: Ж1
Year Of foundation: 1944
Main profile: Журналистика
---------------------------------</message>
</record>
<record>
  <date>2021-09-07T21:24:19.405226Z</date>
  <millis>1631049859405</millis>
  <nanos>226000</nanos>
  <sequence>49</sequence>
  <logger>AppModule34</logger>
  <level>INFO</level>
  <class>AppModule34</class>
  <method>lambda$main$1</method>
  <thread>1</thread>
  <message>{
  "UID": "Т1",
  "Full title": "Государственный институт театрального искусства",
  "Abbreviation": "ГИТИС",
  "Opening year": 1878,
  "Profile": "THEATER_ARTS",
  "builder": {}
}</message>
</record>
<record>
  <date>2021-09-07T21:24:19.406120Z</date>
  <millis>1631049859406</millis>
  <nanos>120000</nanos>
  <sequence>50</sequence>
  <logger>AppModule34</logger>
  <level>INFO</level>
  <class>AppModule34</class>
  <method>lambda$main$1</method>
  <thread>1</thread>
  <message>---------------------------------
Государственный институт театрального искусства
(ГИТИС)
Id of university: Т1
Year Of foundation: 1878
Main profile: Театральное искусство
---------------------------------</message>
</record>
<record>
  <date>2021-09-07T21:24:19.407056Z</date>
  <millis>1631049859407</millis>
  <nanos>56000</nanos>
  <sequence>51</sequence>
  <logger>AppModule34</logger>
  <level>INFO</level>
  <class>AppModule34</class>
  <method>lambda$main$1</method>
  <thread>1</thread>
  <message>{
  "UID": "М2",
  "Full title": "Санкт-Петербургский государственный медицинский университет имени И. И. Мечникова",
  "Abbreviation": "СЗГМУ им. И. И. Мечникова",
  "Opening year": 1907,
  "Profile": "MEDICINE",
  "builder": {}
}</message>
</record>
<record>
  <date>2021-09-07T21:24:19.407899Z</date>
  <millis>1631049859407</millis>
  <nanos>899000</nanos>
  <sequence>52</sequence>
  <logger>AppModule34</logger>
  <level>INFO</level>
  <class>AppModule34</class>
  <method>lambda$main$1</method>
  <thread>1</thread>
  <message>---------------------------------
Санкт-Петербургский государственный медицинский университет имени И. И. Мечникова
(СЗГМУ им. И. И. Мечникова)
Id of university: М2
Year Of foundation: 1907
Main profile: Медицина
---------------------------------</message>
</record>
<record>
  <date>2021-09-07T21:24:19.408848Z</date>
  <millis>1631049859408</millis>
  <nanos>848000</nanos>
  <sequence>53</sequence>
  <logger>AppModule34</logger>
  <level>INFO</level>
  <class>AppModule34</class>
  <method>lambda$main$1</method>
  <thread>1</thread>
  <message>{
  "UID": "У1",
  "Full title": "Российская академия народного хозяйства и государственной службы при Президенте Российской Федерации",
  "Abbreviation": "РАНХиГС",
  "Opening year": 2010,
  "Profile": "MANAGEMENT",
  "builder": {}
}</message>
</record>
<record>
  <date>2021-09-07T21:24:19.410696Z</date>
  <millis>1631049859410</millis>
  <nanos>696000</nanos>
  <sequence>54</sequence>
  <logger>AppModule34</logger>
  <level>INFO</level>
  <class>AppModule34</class>
  <method>lambda$main$1</method>
  <thread>1</thread>
  <message>---------------------------------
Российская академия народного хозяйства и государственной службы при Президенте Российской Федерации
(РАНХиГС)
Id of university: У1
Year Of foundation: 2010
Main profile: Управление
---------------------------------</message>
</record>
<record>
  <date>2021-09-07T21:24:19.411984Z</date>
  <millis>1631049859411</millis>
  <nanos>984000</nanos>
  <sequence>55</sequence>
  <logger>AppModule34</logger>
  <level>INFO</level>
  <class>AppModule34</class>
  <method>lambda$main$1</method>
  <thread>1</thread>
  <message>{
  "UID": "И1",
  "Full title": "Санкт-Петербургский национальный исследовательский университет информационных технологий, механики и оптики",
  "Abbreviation": "ИТМО",
  "Opening year": 1900,
  "Profile": "COMPUTER_SCIENCES",
  "builder": {}
}</message>
</record>
<record>
  <date>2021-09-07T21:24:19.412904Z</date>
  <millis>1631049859412</millis>
  <nanos>904000</nanos>
  <sequence>56</sequence>
  <logger>AppModule34</logger>
  <level>INFO</level>
  <class>AppModule34</class>
  <method>lambda$main$1</method>
  <thread>1</thread>
  <message>---------------------------------
Санкт-Петербургский национальный исследовательский университет информационных технологий, механики и оптики
(ИТМО)
Id of university: И1
Year Of foundation: 1900
Main profile: Компьютерные науки
---------------------------------</message>
</record>
<record>
  <date>2021-09-07T21:24:19.416270Z</date>
  <millis>1631049859416</millis>
  <nanos>270000</nanos>
  <sequence>57</sequence>
  <logger>AppModule34</logger>
  <level>INFO</level>
  <class>AppModule34</class>
  <method>lambda$main$1</method>
  <thread>1</thread>
  <message>{
  "UID": "А1",
  "Full title": "Санкт-Петербургский государственный архитектурно-строительный университет",
  "Abbreviation": "СПбГАСУ",
  "Opening year": 1832,
  "Profile": "ARCHITECTURE",
  "builder": {}
}</message>
</record>
<record>
  <date>2021-09-07T21:24:19.417430Z</date>
  <millis>1631049859417</millis>
  <nanos>430000</nanos>
  <sequence>58</sequence>
  <logger>AppModule34</logger>
  <level>INFO</level>
  <class>AppModule34</class>
  <method>lambda$main$1</method>
  <thread>1</thread>
  <message>---------------------------------
Санкт-Петербургский государственный архитектурно-строительный университет
(СПбГАСУ)
Id of university: А1
Year Of foundation: 1832
Main profile: Архитектура
---------------------------------</message>
</record>
<record>
  <date>2021-09-07T21:24:19.418354Z</date>
  <millis>1631049859418</millis>
  <nanos>354000</nanos>
  <sequence>59</sequence>
  <logger>AppModule34</logger>
  <level>INFO</level>
  <class>AppModule34</class>
  <method>main</method>
  <thread>1</thread>
  <message>The application has exited successfully</message>
</record>
</log>
